<?xml version="1.0" encoding="UTF-8"?>
<robot generator="Robot 6.0.2 (Python 3.9.0 on win32)" generated="20230324 17:14:34.375" rpa="false" schemaversion="3">
<suite id="s1" name="Keys" source="C:\Users\KloverCloud\PycharmProjects\project\WebBots\instagram\Resources\keys.robot">
<test id="s1-t1" name="LogIn" line="14">
<kw name="Open Browser" library="SeleniumLibrary">
<arg>https://www.instagram.com/</arg>
<arg>chrome</arg>
<doc>Opens a new browser instance to the optional ``url``.</doc>
<msg timestamp="20230324 17:14:35.253" level="INFO">Opening browser 'chrome' to base url 'https://www.instagram.com/'.</msg>
<status status="PASS" starttime="20230324 17:14:35.252" endtime="20230324 17:14:45.443"/>
</kw>
<kw name="Maximize Browser Window" library="SeleniumLibrary">
<doc>Maximizes current browser window.</doc>
<status status="PASS" starttime="20230324 17:14:45.444" endtime="20230324 17:14:45.563"/>
</kw>
<kw name="Sleep" library="BuiltIn">
<arg>5</arg>
<doc>Pauses the test executed for the given time.</doc>
<msg timestamp="20230324 17:14:50.578" level="INFO">Slept 5 seconds</msg>
<status status="PASS" starttime="20230324 17:14:45.564" endtime="20230324 17:14:50.578"/>
</kw>
<kw name="input text">
<arg>${username}</arg>
<arg>usemany5@gmail.com</arg>
<msg timestamp="20230324 17:14:50.579" level="FAIL">Multiple keywords with name 'input text' found. Give the full name of the keyword you want to use:
    PyWindowsGuiLibrary.Input Text
    SeleniumLibrary.Input Text</msg>
<status status="FAIL" starttime="20230324 17:14:50.578" endtime="20230324 17:14:50.579"/>
</kw>
<kw name="Sleep" library="BuiltIn">
<arg>1</arg>
<doc>Pauses the test executed for the given time.</doc>
<status status="NOT RUN" starttime="20230324 17:14:50.579" endtime="20230324 17:14:50.579"/>
</kw>
<kw name="input text">
<arg>${password}</arg>
<arg>Qwer1234!!@@</arg>
<status status="NOT RUN" starttime="20230324 17:14:50.579" endtime="20230324 17:14:50.580"/>
</kw>
<kw name="Sleep" library="BuiltIn">
<arg>1</arg>
<doc>Pauses the test executed for the given time.</doc>
<status status="NOT RUN" starttime="20230324 17:14:50.580" endtime="20230324 17:14:50.580"/>
</kw>
<kw name="Click Button" library="SeleniumLibrary">
<arg>${submit}</arg>
<doc>Clicks the button identified by ``locator``.</doc>
<status status="NOT RUN" starttime="20230324 17:14:50.581" endtime="20230324 17:14:50.581"/>
</kw>
<kw name="Sleep" library="BuiltIn">
<arg>10</arg>
<doc>Pauses the test executed for the given time.</doc>
<status status="NOT RUN" starttime="20230324 17:14:50.581" endtime="20230324 17:14:50.581"/>
</kw>
<kw name="press keys">
<arg>NONE</arg>
<arg>TAB</arg>
<status status="NOT RUN" starttime="20230324 17:14:50.582" endtime="20230324 17:14:50.582"/>
</kw>
<kw name="Sleep" library="BuiltIn">
<arg>1</arg>
<doc>Pauses the test executed for the given time.</doc>
<status status="NOT RUN" starttime="20230324 17:14:50.582" endtime="20230324 17:14:50.583"/>
</kw>
<kw name="press keys">
<arg>NONE</arg>
<arg>ENTER</arg>
<status status="NOT RUN" starttime="20230324 17:14:50.583" endtime="20230324 17:14:50.583"/>
</kw>
<kw name="Sleep" library="BuiltIn">
<arg>1</arg>
<doc>Pauses the test executed for the given time.</doc>
<status status="NOT RUN" starttime="20230324 17:14:50.583" endtime="20230324 17:14:50.583"/>
</kw>
<kw name="Wait Until Element Is Visible" library="SeleniumLibrary">
<arg>${Create_button}</arg>
<arg>120</arg>
<doc>Waits until the element ``locator`` is visible.</doc>
<status status="NOT RUN" starttime="20230324 17:14:50.584" endtime="20230324 17:14:50.584"/>
</kw>
<kw name="Click Element" library="SeleniumLibrary">
<arg>${Create_button}</arg>
<doc>Click the element identified by ``locator``.</doc>
<status status="NOT RUN" starttime="20230324 17:14:50.584" endtime="20230324 17:14:50.584"/>
</kw>
<kw name="Sleep" library="BuiltIn">
<arg>4</arg>
<doc>Pauses the test executed for the given time.</doc>
<status status="NOT RUN" starttime="20230324 17:14:50.584" endtime="20230324 17:14:50.584"/>
</kw>
<kw name="Click Element" library="SeleniumLibrary">
<arg>xpath=//button[text()='Select from computer']"</arg>
<doc>Click the element identified by ``locator``.</doc>
<status status="NOT RUN" starttime="20230324 17:14:50.584" endtime="20230324 17:14:50.584"/>
</kw>
<kw name="Sleep" library="BuiltIn">
<arg>3</arg>
<doc>Pauses the test executed for the given time.</doc>
<status status="NOT RUN" starttime="20230324 17:14:50.585" endtime="20230324 17:14:50.585"/>
</kw>
<kw name="Input Text" library="PyWindowsGuiLibrary">
<arg>C:\\Users\\KloverCloud\\PycharmProjects\\project\\WebBots\\instagram\\upload\\filpng.png</arg>
<doc>Types the given ``text`` into the text field identified by ``element_property``.</doc>
<status status="NOT RUN" starttime="20230324 17:14:50.585" endtime="20230324 17:14:50.586"/>
</kw>
<kw name="Sleep" library="BuiltIn">
<arg>2</arg>
<doc>Pauses the test executed for the given time.</doc>
<status status="NOT RUN" starttime="20230324 17:14:50.586" endtime="20230324 17:14:50.586"/>
</kw>
<kw name="press keys">
<arg>ENTER</arg>
<status status="NOT RUN" starttime="20230324 17:14:50.587" endtime="20230324 17:14:50.587"/>
</kw>
<kw name="Sleep" library="BuiltIn">
<arg>3</arg>
<doc>Pauses the test executed for the given time.</doc>
<status status="NOT RUN" starttime="20230324 17:14:50.588" endtime="20230324 17:14:50.588"/>
</kw>
<kw name="Click Element" library="SeleniumLibrary">
<arg>${next_button}</arg>
<doc>Click the element identified by ``locator``.</doc>
<status status="NOT RUN" starttime="20230324 17:14:50.588" endtime="20230324 17:14:50.588"/>
</kw>
<kw name="Sleep" library="BuiltIn">
<arg>2</arg>
<doc>Pauses the test executed for the given time.</doc>
<status status="NOT RUN" starttime="20230324 17:14:50.588" endtime="20230324 17:14:50.589"/>
</kw>
<kw name="Click Element" library="SeleniumLibrary">
<arg>${next_button}</arg>
<doc>Click the element identified by ``locator``.</doc>
<status status="NOT RUN" starttime="20230324 17:14:50.590" endtime="20230324 17:14:50.590"/>
</kw>
<kw name="Sleep" library="BuiltIn">
<arg>2</arg>
<doc>Pauses the test executed for the given time.</doc>
<status status="NOT RUN" starttime="20230324 17:14:50.590" endtime="20230324 17:14:50.590"/>
</kw>
<kw name="input text">
<arg>${write}</arg>
<status status="NOT RUN" starttime="20230324 17:14:50.590" endtime="20230324 17:14:50.590"/>
</kw>
<kw name="Sleep" library="BuiltIn">
<arg>4</arg>
<doc>Pauses the test executed for the given time.</doc>
<status status="NOT RUN" starttime="20230324 17:14:50.590" endtime="20230324 17:14:50.590"/>
</kw>
<kw name="Click Element" library="SeleniumLibrary">
<arg>${share_button}}</arg>
<doc>Click the element identified by ``locator``.</doc>
<status status="NOT RUN" starttime="20230324 17:14:50.590" endtime="20230324 17:14:50.590"/>
</kw>
<kw name="Sleep" library="BuiltIn">
<arg>5</arg>
<doc>Pauses the test executed for the given time.</doc>
<status status="NOT RUN" starttime="20230324 17:14:50.590" endtime="20230324 17:14:50.590"/>
</kw>
<status status="FAIL" starttime="20230324 17:14:35.252" endtime="20230324 17:14:50.591">Multiple keywords with name 'input text' found. Give the full name of the keyword you want to use:
    PyWindowsGuiLibrary.Input Text
    SeleniumLibrary.Input Text</status>
</test>
<status status="FAIL" starttime="20230324 17:14:34.376" endtime="20230324 17:14:50.591"/>
</suite>
<statistics>
<total>
<stat pass="0" fail="1" skip="0">All Tests</stat>
</total>
<tag>
</tag>
<suite>
<stat pass="0" fail="1" skip="0" id="s1" name="Keys">Keys</stat>
</suite>
</statistics>
<errors>
</errors>
</robot>
